<component name="ProjectRunConfigurationManager">
  <configuration default="false" name="Test-With-Cleanup" type="GoTestRunConfiguration" factoryName="Go Test" folderName="foo">
    <module name="sandbox" />
    <working_directory value="$PROJECT_DIR$/pkg/foo" />
    <root_directory value="$PROJECT_DIR$" />
    <kind value="PACKAGE" />
    <package value="github.com/sanselme/sandbox/pkg/foo" />
    <directory value="$PROJECT_DIR$" />
    <filePath value="$PROJECT_DIR$" />
    <framework value="gotest" />
    <pattern value="^\QTest_With_Cleanup\E$" />
    <method v="2" />
  </configuration>
</component>